\BOOKMARK [1][-]{section*.1}{\376\377\000T\000e\000x\000t\000\040\000A\000n\000a\000l\000y\000s\000i\000s\000\040\000o\000f\000\040\000J\000K\000\040\000R\000o\000w\000l\000i\000n\000g\000'\000s\000\040\000H\000a\000r\000r\000y\000\040\000P\000o\000t\000t\000e\000r\000\040\000S\000e\000r\000i\000e\000s}{}% 1
\BOOKMARK [1][-]{section*.2}{\376\377\000Q\000u\000e\000s\000t\000i\000o\000n\000\040\0001}{}% 2
\BOOKMARK [2][-]{section*.3}{\376\377\0001\000a\000.\000\040\000\050\0005\000\040\000p\000t\000s\000\051}{section*.2}% 3
\BOOKMARK [2][-]{section*.4}{\376\377\0001\000b\000.\000\040\000\050\0005\000\040\000p\000t\000s\000\051}{section*.2}% 4
\BOOKMARK [2][-]{section*.5}{\376\377\0001\000c\000.\000\040\000\050\0005\000\040\000p\000t\000s\000\051}{section*.2}% 5
\BOOKMARK [2][-]{section*.6}{\376\377\0001\000d\000.\000\040\000\050\0001\0000\000\040\000p\000t\000s\000\051}{section*.2}% 6
\BOOKMARK [1][-]{section*.7}{\376\377\000Q\000u\000e\000s\000t\000i\000o\000n\000\040\0002}{}% 7
\BOOKMARK [2][-]{section*.8}{\376\377\0002\000a\000.\000\040\000\050\0005\000\040\000p\000t\000s\000\051}{section*.7}% 8
\BOOKMARK [2][-]{section*.9}{\376\377\0002\000b\000.\000\040\000\050\0005\000\040\000p\000t\000s\000\051}{section*.7}% 9
\BOOKMARK [2][-]{section*.10}{\376\377\0002\000c\000.\000\040\000\050\0005\000\040\000p\000t\000s\000\051}{section*.7}% 10
\BOOKMARK [2][-]{section*.11}{\376\377\0002\000d\000.\000\040\000\050\0005\000\040\000p\000t\000s\000\051}{section*.7}% 11
\BOOKMARK [2][-]{section*.12}{\376\377\0002\000e\000.\000\040\000\050\0001\0000\000\040\000p\000t\000s\000\051}{section*.7}% 12
\BOOKMARK [1][-]{section*.13}{\376\377\000Q\000u\000e\000s\000t\000i\000o\000n\000\040\0003}{}% 13
\BOOKMARK [2][-]{section*.14}{\376\377\0003\000a\000.\000\040\000\050\0005\000\040\000p\000t\000s\000\051}{section*.13}% 14
\BOOKMARK [2][-]{section*.15}{\376\377\0003\000b\000.\000\040\000\050\0002\000\040\000+\000\040\0004\000\040\000p\000t\000s\000\051}{section*.13}% 15
\BOOKMARK [2][-]{section*.16}{\376\377\0003\000c\000.\000\040\000\050\0005\000\040\000+\000\040\0005\000\040\000p\000t\000s\000\051}{section*.13}% 16
\BOOKMARK [1][-]{section*.17}{\376\377\000Q\000u\000e\000s\000t\000i\000o\000n\000\040\0004}{}% 17
\BOOKMARK [2][-]{section*.18}{\376\377\0004\000a\000.\000\040\000\050\0005\000\040\000p\000t\000s\000\051}{section*.17}% 18
\BOOKMARK [2][-]{section*.19}{\376\377\0004\000b\000.\000\040\000\050\0002\000\040\000+\000\040\0004\000\040\000+\000\040\0004\000\040\000p\000t\000s\000\051}{section*.17}% 19
\BOOKMARK [2][-]{section*.20}{\376\377\0004\000c\000.\000\040\000\050\0005\000\040\000p\000t\000s\000\051}{section*.17}% 20
\BOOKMARK [1][-]{section*.21}{\376\377\000Q\000u\000e\000s\000t\000i\000o\000n\000\040\0005\000\040\000\050\0004\000\040\000p\000t\000s\000\051}{}% 21
